<?xml version="1.0" encoding="UTF-8"?>
<testsuite xmlns:xsi="http://www.w3.org/2001/XMLSchema-instance" xsi:noNamespaceSchemaLocation="https://maven.apache.org/surefire/maven-surefire-plugin/xsd/surefire-test-report.xsd" name="com.example.AppTest" time="0.029" tests="4" errors="0" skipped="0" failures="0">
  <properties>
[...]
</properties>
  <testcase name="thereIsAFlight" classname="com.example.AppTest" time="0.019"/>
  <testcase name="myNewTest" classname="com.example.AppTest" time="0"/>
  <testcase name="thereIsADB" classname="com.example.AppTest" time="0.001"/>
  <testcase name="thereIsADate" classname="com.example.AppTest" time="0"/>
</testsuite>